 Example 1 - Column Test                                                 

 Program SWMS_2D
 Time independent boundary conditions
 Vertical plane flow, V = L*L
 Units: L = cm   , T = sec  , M = -    

 Time [T]             Total     Sub-region number ...

      0.0000                      1
 Area    [V]         0.610E+02  0.610E+02
 Volume  [V]         0.471E+01  0.471E+01
 InFlow  [V/T]       0.000E+00  0.000E+00
 hMean   [L]        -0.150E+03     -149.7

     60.0000                      1
 Area    [V]         0.610E+02  0.610E+02
 Volume  [V]         0.551E+01  0.551E+01
 InFlow  [V/T]       0.720E-02  0.720E-02
 hMean   [L]        -0.141E+03     -140.8
 WatBalT [V]        -0.813E-04
 WatBalR [%]             0.010

    900.0000                      1
 Area    [V]         0.610E+02  0.610E+02
 Volume  [V]         0.811E+01  0.811E+01
 InFlow  [V/T]       0.212E-02  0.212E-02
 hMean   [L]        -0.114E+03     -114.4
 WatBalT [V]        -0.267E-03
 WatBalR [%]             0.008

   1800.0000                      1
 Area    [V]         0.610E+02  0.610E+02
 Volume  [V]         0.977E+01  0.977E+01
 InFlow  [V/T]       0.165E-02  0.165E-02
 hMean   [L]        -0.979E+02      -97.9
 WatBalT [V]        -0.427E-03
 WatBalR [%]             0.008

   2700.0000                      1
 Area    [V]         0.610E+02  0.610E+02
 Volume  [V]         0.111E+02  0.111E+02
 InFlow  [V/T]       0.144E-02  0.144E-02
 hMean   [L]        -0.842E+02      -84.2
 WatBalT [V]        -0.574E-03
 WatBalR [%]             0.009

   3600.0000                      1
 Area    [V]         0.610E+02  0.610E+02
 Volume  [V]         0.124E+02  0.124E+02
 InFlow  [V/T]       0.132E-02  0.132E-02
 hMean   [L]        -0.721E+02      -72.1
 WatBalT [V]        -0.663E-03
 WatBalR [%]             0.009

   5400.0000                      1
 Area    [V]         0.610E+02  0.610E+02
 Volume  [V]         0.146E+02  0.146E+02
 InFlow  [V/T]       0.118E-02  0.118E-02
 hMean   [L]        -0.497E+02      -49.7
 WatBalT [V]        -0.903E-03
 WatBalR [%]             0.009
