 Example 1 - Column Test                                                 

 Program SWMS_2D
 Time independent boundary conditions
 Vertical plane flow, V = L*L
 Units: L = cm   , T = sec  , M = -    


 Time:     60.0000

    i    n    x      z    Code     Q          v           h       th      Conc
                                 [V/T]      [L/T]        [L]     [-]     [M/L3]

    1    1    0.0   61.0    1  0.359E-02 -0.718E-02        0.8  0.350 0.000E+00
    2    2    1.0   61.0    1  0.361E-02 -0.722E-02        0.8  0.350 0.000E+00
    3  111    0.0    0.0   -2  0.000E+00 -0.000E+00     -149.9  0.077 0.000E+00
    4  112    1.0    0.0   -2  0.000E+00 -0.000E+00     -150.0  0.077 0.000E+00


 Time:    900.0000

    i    n    x      z    Code     Q          v           h       th      Conc
                                 [V/T]      [L/T]        [L]     [-]     [M/L3]

    1    1    0.0   61.0    1  0.106E-02 -0.212E-02        0.8  0.350 0.000E+00
    2    2    1.0   61.0    1  0.106E-02 -0.212E-02        0.8  0.350 0.000E+00
    3  111    0.0    0.0   -2  0.000E+00 -0.000E+00     -149.2  0.077 0.000E+00
    4  112    1.0    0.0   -2  0.000E+00 -0.000E+00     -149.3  0.077 0.000E+00


 Time:   1800.0000

    i    n    x      z    Code     Q          v           h       th      Conc
                                 [V/T]      [L/T]        [L]     [-]     [M/L3]

    1    1    0.0   61.0    1  0.824E-03 -0.165E-02        0.8  0.350 0.000E+00
    2    2    1.0   61.0    1  0.824E-03 -0.165E-02        0.8  0.350 0.000E+00
    3  111    0.0    0.0   -2  0.000E+00 -0.000E+00     -148.7  0.077 0.000E+00
    4  112    1.0    0.0   -2  0.000E+00 -0.000E+00     -148.8  0.077 0.000E+00


 Time:   2700.0000

    i    n    x      z    Code     Q          v           h       th      Conc
                                 [V/T]      [L/T]        [L]     [-]     [M/L3]

    1    1    0.0   61.0    1  0.721E-03 -0.144E-02        0.8  0.350 0.000E+00
    2    2    1.0   61.0    1  0.721E-03 -0.144E-02        0.8  0.350 0.000E+00
    3  111    0.0    0.0   -2  0.000E+00 -0.000E+00     -148.3  0.077 0.000E+00
    4  112    1.0    0.0   -2  0.000E+00 -0.000E+00     -148.3  0.077 0.000E+00


 Time:   3600.0000

    i    n    x      z    Code     Q          v           h       th      Conc
                                 [V/T]      [L/T]        [L]     [-]     [M/L3]

    1    1    0.0   61.0    1  0.661E-03 -0.132E-02        0.8  0.350 0.000E+00
    2    2    1.0   61.0    1  0.661E-03 -0.132E-02        0.8  0.350 0.000E+00
    3  111    0.0    0.0   -2  0.000E+00 -0.000E+00     -148.0  0.077 0.000E+00
    4  112    1.0    0.0   -2  0.000E+00 -0.000E+00     -148.0  0.077 0.000E+00


 Time:   5400.0000

    i    n    x      z    Code     Q          v           h       th      Conc
                                 [V/T]      [L/T]        [L]     [-]     [M/L3]

    1    1    0.0   61.0    1  0.591E-03 -0.118E-02        0.8  0.350 0.000E+00
    2    2    1.0   61.0    1  0.591E-03 -0.118E-02        0.8  0.350 0.000E+00
    3  111    0.0    0.0   -2  0.000E+00 -0.000E+00     -147.4  0.078 0.000E+00
    4  112    1.0    0.0   -2  0.000E+00 -0.000E+00     -147.5  0.078 0.000E+00
